<?xml version="1.0" encoding="UTF-8"?><testsuite errors="1" failures="0" name="Registrar una unidad de negocio" skipped="0" tests="1" time="30.61" timestamp="2020-04-22 04:57:02"><testcase name="Registrar una unidad de negocio"><error message="Arity mismatch: Step Definition 'co.com.choucair.reto.stepdefinitions.RegistroUnidadDeNegocioStepDefinitions.laReunionSeProgramaCorrectamente(String) in file:/D:/RetoChoucair/RetoSerenityDemo/build/classes/java/test/' with pattern [^la reunion se programa correctamente$] is declared with 1 parameters. However, the gherkin step has 0 arguments []. &#10;Step text: la reunion se programa correctamente" type="cucumber.runtime.CucumberException">Arity mismatch: Step Definition 'co.com.choucair.reto.stepdefinitions.RegistroUnidadDeNegocioStepDefinitions.laReunionSeProgramaCorrectamente(String) in file:/D:/RetoChoucair/RetoSerenityDemo/build/classes/java/test/' with pattern [^la reunion se programa correctamente$] is declared with 1 parameters. However, the gherkin step has 0 arguments []. 
Step text: la reunion se programa correctamente</error><system-err>Arity mismatch: Step Definition 'co.com.choucair.reto.stepdefinitions.RegistroUnidadDeNegocioStepDefinitions.laReunionSeProgramaCorrectamente(String) in file:/D:/RetoChoucair/RetoSerenityDemo/build/classes/java/test/' with pattern [^la reunion se programa correctamente$] is declared with 1 parameters. However, the gherkin step has 0 arguments []. 
Step text: la reunion se programa correctamente&#13;
cucumber.runner.Runner.runPickle(Runner.java:80)&#13;
</system-err></testcase></testsuite>